<?xml version="1.0" encoding="UTF-8"?>
<!-- Generated by org.testng.reporters.JUnitReportReporter -->
<testsuite skipped="0" hostname="divya-PC" name="TestMOBDesktopChrome" tests="1" failures="0" timestamp="05 Nov 2018 18:30:02 GMT" time="4.370" errors="0">
  <testcase name="TestCaseOne" time="4.370" classname="TestMOBDesktopChrome"/>
</testsuite> <!-- TestMOBDesktopChrome -->
