<?xml version="1.0" encoding="UTF-8"?>
<!-- Generated by org.testng.reporters.JUnitReportReporter -->
<testsuite skipped="0" hostname="divya-PC" name="TestMOBDesktopChrome" tests="1" failures="0" timestamp="02 Nov 2018 19:49:22 GMT" time="4.441" errors="0">
  <testcase name="TestCaseOne" time="4.441" classname="TestMOBDesktopChrome"/>
</testsuite> <!-- TestMOBDesktopChrome -->
